C:\Program Files (x86)\Microsoft Visual Studio\2017\Professional\Common7\IDE\VC\VCTargets\Microsoft.CppBuild.targets(391,5): warning MSB8028: промежуточный каталог (Debug\) содержит файлы, которые используются совместно с другим проектом (Проект6.vcxproj).  Это может привести к ошибкам очистки и перестроения.
  my_lexems.cpp
c:\users\maksi\onedrive\документы\visual studio 2012\projects\шишкин\проект6\проект6\my_lexems.cpp(132): warning C4996: 'strcpy': This function or variable may be unsafe. Consider using strcpy_s instead. To disable deprecation, use _CRT_SECURE_NO_WARNINGS. See online help for details.
  c:\program files (x86)\windows kits\10\include\10.0.17763.0\ucrt\string.h(133): note:  см. объявление "strcpy"
c:\users\maksi\onedrive\документы\visual studio 2012\projects\шишкин\проект6\проект6\my_lexems.cpp(184): warning C4996: 'strcpy': This function or variable may be unsafe. Consider using strcpy_s instead. To disable deprecation, use _CRT_SECURE_NO_WARNINGS. See online help for details.
  c:\program files (x86)\windows kits\10\include\10.0.17763.0\ucrt\string.h(133): note:  см. объявление "strcpy"
c:\users\maksi\onedrive\документы\visual studio 2012\projects\шишкин\проект6\проект6\my_lexems.cpp(430): warning C4996: 'strcpy': This function or variable may be unsafe. Consider using strcpy_s instead. To disable deprecation, use _CRT_SECURE_NO_WARNINGS. See online help for details.
  c:\program files (x86)\windows kits\10\include\10.0.17763.0\ucrt\string.h(133): note:  см. объявление "strcpy"
c:\users\maksi\onedrive\документы\visual studio 2012\projects\шишкин\проект6\проект6\my_lexems.cpp(459): warning C4996: 'strcpy': This function or variable may be unsafe. Consider using strcpy_s instead. To disable deprecation, use _CRT_SECURE_NO_WARNINGS. See online help for details.
  c:\program files (x86)\windows kits\10\include\10.0.17763.0\ucrt\string.h(133): note:  см. объявление "strcpy"
c:\users\maksi\onedrive\документы\visual studio 2012\projects\шишкин\проект6\проект6\my_lexems.cpp(638): warning C4996: 'strcpy': This function or variable may be unsafe. Consider using strcpy_s instead. To disable deprecation, use _CRT_SECURE_NO_WARNINGS. See online help for details.
  c:\program files (x86)\windows kits\10\include\10.0.17763.0\ucrt\string.h(133): note:  см. объявление "strcpy"
c:\users\maksi\onedrive\документы\visual studio 2012\projects\шишкин\проект6\проект6\my_lexems.cpp(719): warning C4244: =: преобразование "double" в "float", возможна потеря данных
c:\users\maksi\onedrive\документы\visual studio 2012\projects\шишкин\проект6\проект6\my_lexems.cpp(722): warning C4244: =: преобразование "double" в "float", возможна потеря данных
c:\users\maksi\onedrive\документы\visual studio 2012\projects\шишкин\проект6\проект6\my_lexems.cpp(725): warning C4244: =: преобразование "double" в "float", возможна потеря данных
c:\users\maksi\onedrive\документы\visual studio 2012\projects\шишкин\проект6\проект6\my_lexems.cpp(728): warning C4244: =: преобразование "double" в "float", возможна потеря данных
c:\users\maksi\onedrive\документы\visual studio 2012\projects\шишкин\проект6\проект6\my_lexems.cpp(761): warning C4244: аргумент: преобразование "double" в "T", возможна потеря данных
          with
          [
              T=float
          ]
c:\users\maksi\onedrive\документы\visual studio 2012\projects\шишкин\проект6\проект6\my_lexems.cpp(703): warning C4715: getPrior: значение возвращается не при всех путях выполнения
c:\users\maksi\onedrive\документы\visual studio 2012\projects\шишкин\проект6\проект6\my_lexems.cpp(253): warning C4715: corrStr: значение возвращается не при всех путях выполнения
  MyForm.obj : /DEBUG:FASTLINK не поддерживается, если присутствует управляемый код; выполняется перезапуск компоновки с /DEBUG:FULL
  MyForm.obj : юсэрЁєцхэ ьюфєы№ MSIL; фы  MSIL яюёыхфютрЄхы№эр  ъюьяюэютър юЄъы■ўхэр; т√яюыэ хЄё  яюыэр  ъюьяюэютър
  Проект6.vcxproj -> C:\Users\maksi\OneDrive\Документы\Visual Studio 2012\Projects\Шишкин\Проект6\Debug\PolishEntry.exe
